\BOOKMARK [1][-]{section.1}{Abstract}{}% 1
\BOOKMARK [1][-]{section.2}{Introduction}{}% 2
\BOOKMARK [2][-]{subsection.2.1}{Background and Prerequisites}{section.2}% 3
\BOOKMARK [2][-]{subsection.2.2}{Outline of the paper}{section.2}% 4
\BOOKMARK [1][-]{section.3}{Literature Review}{}% 5
\BOOKMARK [2][-]{subsection.3.1}{The History of Robotic Control}{section.3}% 6
\BOOKMARK [3][-]{subsubsection.3.1.1}{Hierarchical Paradigm}{subsection.3.1}% 7
\BOOKMARK [3][-]{subsubsection.3.1.2}{Reactive Paradigm}{subsection.3.1}% 8
\BOOKMARK [3][-]{subsubsection.3.1.3}{Behaviour-Based Robotics}{subsection.3.1}% 9
\BOOKMARK [3][-]{subsubsection.3.1.4}{Hybrid Paradigm}{subsection.3.1}% 10
\BOOKMARK [2][-]{subsection.3.2}{Localisation}{section.3}% 11
\BOOKMARK [3][-]{subsubsection.3.2.1}{Markov Localisation}{subsection.3.2}% 12
\BOOKMARK [3][-]{subsubsection.3.2.2}{Kalman Filters}{subsection.3.2}% 13
\BOOKMARK [3][-]{subsubsection.3.2.3}{Monte Carlo Localization}{subsection.3.2}% 14
\BOOKMARK [2][-]{subsection.3.3}{Motion Planning}{section.3}% 15
\BOOKMARK [2][-]{subsection.3.4}{Person Detection}{section.3}% 16
\BOOKMARK [1][-]{section.4}{Design}{}% 17
\BOOKMARK [2][-]{subsection.4.1}{Hardware and Software}{section.4}% 18
\BOOKMARK [2][-]{subsection.4.2}{Control Architecture}{section.4}% 19
\BOOKMARK [2][-]{subsection.4.3}{Localization}{section.4}% 20
\BOOKMARK [2][-]{subsection.4.4}{Navigation and Exploration}{section.4}% 21
\BOOKMARK [2][-]{subsection.4.5}{Obstacle Avoidance}{section.4}% 22
\BOOKMARK [2][-]{subsection.4.6}{Person Detection}{section.4}% 23
\BOOKMARK [1][-]{section.5}{Experimental Results}{}% 24
\BOOKMARK [2][-]{subsection.5.1}{Odometry Noise}{section.5}% 25
\BOOKMARK [3][-]{subsubsection.5.1.1}{Translation Noise}{subsection.5.1}% 26
\BOOKMARK [3][-]{subsubsection.5.1.2}{Drift Noise}{subsection.5.1}% 27
\BOOKMARK [3][-]{subsubsection.5.1.3}{Rotation Noise}{subsection.5.1}% 28
\BOOKMARK [2][-]{subsection.5.2}{Localisation Performance}{section.5}% 29
\BOOKMARK [2][-]{subsection.5.3}{Exploration}{section.5}% 30
\BOOKMARK [3][-]{subsubsection.5.3.1}{Random Exploration}{subsection.5.3}% 31
\BOOKMARK [3][-]{subsubsection.5.3.2}{Specific Point Exploration}{subsection.5.3}% 32
\BOOKMARK [2][-]{subsection.5.4}{Human Detection Testing}{section.5}% 33
\BOOKMARK [3][-]{subsubsection.5.4.1}{Leg Detector Average}{subsection.5.4}% 34
\BOOKMARK [3][-]{subsubsection.5.4.2}{Leg Detector Parameters}{subsection.5.4}% 35
\BOOKMARK [3][-]{subsubsection.5.4.3}{Leg Detector detection rate}{subsection.5.4}% 36
\BOOKMARK [2][-]{subsection.5.5}{Obstacle Detection}{section.5}% 37
\BOOKMARK [2][-]{subsection.5.6}{Overall Performance Testing}{section.5}% 38
\BOOKMARK [1][-]{section.6}{Discussion}{}% 39
\BOOKMARK [2][-]{subsection.6.1}{Conclusions and Future Work}{section.6}% 40
\BOOKMARK [2][-]{subsection.6.2}{Acknowledgements}{section.6}% 41
\BOOKMARK [1][-]{section.7}{References}{}% 42
